app/build/intermediates/manifest_merge_blame_file/debug/manifest-merger-blame-debug-report.txt
1<?xml version="1.0" encoding="utf-8"?>
2<manifest xmlns:android="http://schemas.android.com/apk/res/android"
3    package="com.sign.language"
4    android:versionCode="1"
5    android:versionName="1.0" >
6
7    <uses-sdk
8        android:minSdkVersion="21"
8-->src\main\AndroidManifest.xml
9        android:targetSdkVersion="30" />
9-->src\main\AndroidManifest.xml
10
11    <uses-permission android:name="android.permission.RECORD_AUDIO" />
11-->src\main\AndroidManifest.xml:8:5-71
11-->src\main\AndroidManifest.xml:8:22-68
12    <uses-permission android:name="android.permission.INTERNET" />
12-->src\main\AndroidManifest.xml:9:5-67
12-->src\main\AndroidManifest.xml:9:22-64
13
14    <application
14-->src\main\AndroidManifest.xml:11:5-48:19
15        android:allowBackup="true"
15-->src\main\AndroidManifest.xml:12:9-35
16        android:appComponentFactory="androidx.core.app.CoreComponentFactory"
16-->[androidx.core:core:1.5.0] AndroidManifest.xml:24:18-86
17        android:debuggable="true"
18        android:icon="@drawable/ic_launcher_foreground"
18-->src\main\AndroidManifest.xml:13:9-56
19        android:label="@string/app_name"
19-->src\main\AndroidManifest.xml:14:9-41
20        android:testOnly="true"
21        android:theme="@android:style/Theme.Material.Light.NoActionBar" >
21-->src\main\AndroidManifest.xml:15:9-72
22        <activity android:name="com.sign.language.activities.SignLanguageNumbersActivity" />
22-->src\main\AndroidManifest.xml:16:9-76
22-->src\main\AndroidManifest.xml:16:19-73
23        <activity
23-->src\main\AndroidManifest.xml:17:9-21:52
24            android:name="com.sign.language.activities.SignLanguageAlphabetsActivity"
24-->src\main\AndroidManifest.xml:18:13-69
25            android:configChanges="orientation|keyboardHidden"
25-->src\main\AndroidManifest.xml:19:13-63
26            android:label="@string/app_name"
26-->src\main\AndroidManifest.xml:20:13-45
27            android:screenOrientation="portrait" />
27-->src\main\AndroidManifest.xml:21:13-49
28        <activity
28-->src\main\AndroidManifest.xml:22:9-28:56
29            android:name="com.sign.language.activities.SelectDictionaryActivity"
29-->src\main\AndroidManifest.xml:23:13-64
30            android:configChanges="orientation|keyboardHidden"
30-->src\main\AndroidManifest.xml:24:13-63
31            android:label="@string/app_name"
31-->src\main\AndroidManifest.xml:25:13-45
32            android:parentActivityName="com.sign.language.activities.SearchTextActivity"
32-->src\main\AndroidManifest.xml:26:13-72
33            android:screenOrientation="portrait" />
33-->src\main\AndroidManifest.xml:27:13-49
34        <activity
34-->src\main\AndroidManifest.xml:29:9-35:56
35            android:name="com.sign.language.activities.DisplayActivity"
35-->src\main\AndroidManifest.xml:30:13-55
36            android:configChanges="orientation|keyboardHidden"
36-->src\main\AndroidManifest.xml:31:13-63
37            android:label="@string/app_name"
37-->src\main\AndroidManifest.xml:32:13-45
38            android:screenOrientation="portrait"
38-->src\main\AndroidManifest.xml:33:13-49
39            android:theme="@style/Theme.AppCompat.Light.Dialog" />
39-->src\main\AndroidManifest.xml:34:13-64
40        <activity
40-->src\main\AndroidManifest.xml:36:9-47:20
41            android:name="com.sign.language.activities.SearchTextActivity"
41-->src\main\AndroidManifest.xml:37:13-58
42            android:configChanges="orientation|keyboardHidden"
42-->src\main\AndroidManifest.xml:38:13-63
43            android:label="@string/app_name"
43-->src\main\AndroidManifest.xml:39:13-45
44            android:screenOrientation="portrait" >
44-->src\main\AndroidManifest.xml:40:13-49
45            <intent-filter>
45-->src\main\AndroidManifest.xml:42:13-46:29
46                <action android:name="android.intent.action.MAIN" />
46-->src\main\AndroidManifest.xml:43:17-69
46-->src\main\AndroidManifest.xml:43:25-66
47
48                <category android:name="android.intent.category.LAUNCHER" />
48-->src\main\AndroidManifest.xml:45:17-77
48-->src\main\AndroidManifest.xml:45:27-74
49            </intent-filter>
50        </activity>
51    </application>
52
53</manifest>